\BOOKMARK [0][-]{chapter.1}{\376\377\0001\000\040\000T\000o\000d\000o\000\040\000L\000i\000s\000t\000\040}{}% 1
\BOOKMARK [0][-]{chapter.2}{\376\377\0002\000\040\000D\000i\000r\000e\000c\000t\000o\000r\000y\000\040\000H\000i\000e\000r\000a\000r\000c\000h\000y}{}% 2
\BOOKMARK [1][-]{section.2.1}{\376\377\0002\000.\0001\000\040\000D\000i\000r\000e\000c\000t\000o\000r\000i\000e\000s}{chapter.2}% 3
\BOOKMARK [0][-]{chapter.3}{\376\377\0003\000\040\000D\000a\000t\000a\000\040\000S\000t\000r\000u\000c\000t\000u\000r\000e\000\040\000I\000n\000d\000e\000x}{}% 4
\BOOKMARK [1][-]{section.3.1}{\376\377\0003\000.\0001\000\040\000D\000a\000t\000a\000\040\000S\000t\000r\000u\000c\000t\000u\000r\000e\000s}{chapter.3}% 5
\BOOKMARK [0][-]{chapter.4}{\376\377\0004\000\040\000F\000i\000l\000e\000\040\000I\000n\000d\000e\000x}{}% 6
\BOOKMARK [1][-]{section.4.1}{\376\377\0004\000.\0001\000\040\000F\000i\000l\000e\000\040\000L\000i\000s\000t}{chapter.4}% 7
\BOOKMARK [0][-]{chapter.5}{\376\377\0005\000\040\000D\000i\000r\000e\000c\000t\000o\000r\000y\000\040\000D\000o\000c\000u\000m\000e\000n\000t\000a\000t\000i\000o\000n}{}% 8
\BOOKMARK [1][-]{section.5.1}{\376\377\0005\000.\0001\000\040\000i\000n\000c\000l\000u\000d\000e\000/\000c\000a\000n\000i\000m\000\040\000D\000i\000r\000e\000c\000t\000o\000r\000y\000\040\000R\000e\000f\000e\000r\000e\000n\000c\000e}{chapter.5}% 9
\BOOKMARK [1][-]{section.5.2}{\376\377\0005\000.\0002\000\040\000s\000r\000c\000/\000c\000o\000r\000e\000\040\000D\000i\000r\000e\000c\000t\000o\000r\000y\000\040\000R\000e\000f\000e\000r\000e\000n\000c\000e}{chapter.5}% 10
\BOOKMARK [1][-]{section.5.3}{\376\377\0005\000.\0003\000\040\000s\000r\000c\000/\000g\000f\000x\000\040\000D\000i\000r\000e\000c\000t\000o\000r\000y\000\040\000R\000e\000f\000e\000r\000e\000n\000c\000e}{chapter.5}% 11
\BOOKMARK [1][-]{section.5.4}{\376\377\0005\000.\0004\000\040\000i\000n\000c\000l\000u\000d\000e\000\040\000D\000i\000r\000e\000c\000t\000o\000r\000y\000\040\000R\000e\000f\000e\000r\000e\000n\000c\000e}{chapter.5}% 12
\BOOKMARK [1][-]{section.5.5}{\376\377\0005\000.\0005\000\040\000s\000r\000c\000/\000l\000o\000a\000d\000e\000r\000\040\000D\000i\000r\000e\000c\000t\000o\000r\000y\000\040\000R\000e\000f\000e\000r\000e\000n\000c\000e}{chapter.5}% 13
\BOOKMARK [1][-]{section.5.6}{\376\377\0005\000.\0006\000\040\000s\000r\000c\000\040\000D\000i\000r\000e\000c\000t\000o\000r\000y\000\040\000R\000e\000f\000e\000r\000e\000n\000c\000e}{chapter.5}% 14
\BOOKMARK [0][-]{chapter.6}{\376\377\0006\000\040\000D\000a\000t\000a\000\040\000S\000t\000r\000u\000c\000t\000u\000r\000e\000\040\000D\000o\000c\000u\000m\000e\000n\000t\000a\000t\000i\000o\000n}{}% 15
\BOOKMARK [1][-]{section.6.1}{\376\377\0006\000.\0001\000\040\000G\000f\000x\000A\000P\000I\000\040\000S\000t\000r\000u\000c\000t\000\040\000R\000e\000f\000e\000r\000e\000n\000c\000e}{chapter.6}% 16
\BOOKMARK [2][-]{subsection.6.1.1}{\376\377\0006\000.\0001\000.\0001\000\040\000D\000e\000t\000a\000i\000l\000e\000d\000\040\000D\000e\000s\000c\000r\000i\000p\000t\000i\000o\000n}{section.6.1}% 17
\BOOKMARK [2][-]{subsection.6.1.2}{\376\377\0006\000.\0001\000.\0002\000\040\000F\000i\000e\000l\000d\000\040\000D\000o\000c\000u\000m\000e\000n\000t\000a\000t\000i\000o\000n}{section.6.1}% 18
\BOOKMARK [3][-]{subsubsection.6.1.2.1}{\376\377\0006\000.\0001\000.\0002\000.\0001\000\040\000g\000f\000x\000\137\000c\000r\000e\000a\000t\000e\000\137\000d\000e\000v\000i\000c\000e}{subsection.6.1.2}% 19
\BOOKMARK [3][-]{subsubsection.6.1.2.2}{\376\377\0006\000.\0001\000.\0002\000.\0002\000\040\000g\000f\000x\000\137\000d\000e\000s\000t\000r\000o\000y\000\137\000d\000e\000v\000i\000c\000e}{subsection.6.1.2}% 20
\BOOKMARK [1][-]{section.6.2}{\376\377\0006\000.\0002\000\040\000G\000f\000x\000C\000o\000n\000t\000a\000i\000n\000e\000r\000\040\000S\000t\000r\000u\000c\000t\000\040\000R\000e\000f\000e\000r\000e\000n\000c\000e}{chapter.6}% 21
\BOOKMARK [2][-]{subsection.6.2.1}{\376\377\0006\000.\0002\000.\0001\000\040\000D\000e\000t\000a\000i\000l\000e\000d\000\040\000D\000e\000s\000c\000r\000i\000p\000t\000i\000o\000n}{section.6.2}% 22
\BOOKMARK [2][-]{subsection.6.2.2}{\376\377\0006\000.\0002\000.\0002\000\040\000F\000i\000e\000l\000d\000\040\000D\000o\000c\000u\000m\000e\000n\000t\000a\000t\000i\000o\000n}{section.6.2}% 23
\BOOKMARK [3][-]{subsubsection.6.2.2.1}{\376\377\0006\000.\0002\000.\0002\000.\0001\000\040\000a\000p\000i}{subsection.6.2.2}% 24
\BOOKMARK [3][-]{subsubsection.6.2.2.2}{\376\377\0006\000.\0002\000.\0002\000.\0002\000\040\000b\000a\000c\000k\000e\000n\000d}{subsection.6.2.2}% 25
\BOOKMARK [3][-]{subsubsection.6.2.2.3}{\376\377\0006\000.\0002\000.\0002\000.\0003\000\040\000h\000a\000n\000d\000l\000e}{subsection.6.2.2}% 26
\BOOKMARK [3][-]{subsubsection.6.2.2.4}{\376\377\0006\000.\0002\000.\0002\000.\0004\000\040\000i\000m\000p\000l}{subsection.6.2.2}% 27
\BOOKMARK [1][-]{section.6.3}{\376\377\0006\000.\0003\000\040\000G\000f\000x\000D\000e\000v\000i\000c\000e\000\040\000S\000t\000r\000u\000c\000t\000\040\000R\000e\000f\000e\000r\000e\000n\000c\000e}{chapter.6}% 28
\BOOKMARK [2][-]{subsection.6.3.1}{\376\377\0006\000.\0003\000.\0001\000\040\000D\000e\000t\000a\000i\000l\000e\000d\000\040\000D\000e\000s\000c\000r\000i\000p\000t\000i\000o\000n}{section.6.3}% 29
\BOOKMARK [2][-]{subsection.6.3.2}{\376\377\0006\000.\0003\000.\0002\000\040\000F\000i\000e\000l\000d\000\040\000D\000o\000c\000u\000m\000e\000n\000t\000a\000t\000i\000o\000n}{section.6.3}% 30
\BOOKMARK [3][-]{subsubsection.6.3.2.1}{\376\377\0006\000.\0003\000.\0002\000.\0001\000\040\000e\000g\000l\000\137\000c\000o\000n\000t\000e\000x\000t}{subsection.6.3.2}% 31
\BOOKMARK [3][-]{subsubsection.6.3.2.2}{\376\377\0006\000.\0003\000.\0002\000.\0002\000\040\000e\000g\000l\000\137\000d\000i\000s\000p\000l\000a\000y}{subsection.6.3.2}% 32
\BOOKMARK [3][-]{subsubsection.6.3.2.3}{\376\377\0006\000.\0003\000.\0002\000.\0003\000\040\000e\000g\000l\000\137\000s\000u\000r\000f\000a\000c\000e}{subsection.6.3.2}% 33
\BOOKMARK [3][-]{subsubsection.6.3.2.4}{\376\377\0006\000.\0003\000.\0002\000.\0004\000\040\000g\000l\000c\000t\000x}{subsection.6.3.2}% 34
\BOOKMARK [3][-]{subsubsection.6.3.2.5}{\376\377\0006\000.\0003\000.\0002\000.\0005\000\040\000h\000e\000a\000d\000l\000e\000s\000s}{subsection.6.3.2}% 35
\BOOKMARK [3][-]{subsubsection.6.3.2.6}{\376\377\0006\000.\0003\000.\0002\000.\0006\000\040\000h\000e\000i\000g\000h\000t}{subsection.6.3.2}% 36
\BOOKMARK [3][-]{subsubsection.6.3.2.7}{\376\377\0006\000.\0003\000.\0002\000.\0007\000\040\000i\000n\000s\000t}{subsection.6.3.2}% 37
\BOOKMARK [3][-]{subsubsection.6.3.2.8}{\376\377\0006\000.\0003\000.\0002\000.\0008\000\040\000w\000i\000d\000t\000h}{subsection.6.3.2}% 38
\BOOKMARK [3][-]{subsubsection.6.3.2.9}{\376\377\0006\000.\0003\000.\0002\000.\0009\000\040\000w\000i\000n}{subsection.6.3.2}% 39
\BOOKMARK [1][-]{section.6.4}{\376\377\0006\000.\0004\000\040\000G\000f\000x\000I\000n\000i\000t\000I\000n\000f\000o\000\040\000S\000t\000r\000u\000c\000t\000\040\000R\000e\000f\000e\000r\000e\000n\000c\000e}{chapter.6}% 40
\BOOKMARK [2][-]{subsection.6.4.1}{\376\377\0006\000.\0004\000.\0001\000\040\000D\000e\000t\000a\000i\000l\000e\000d\000\040\000D\000e\000s\000c\000r\000i\000p\000t\000i\000o\000n}{section.6.4}% 41
\BOOKMARK [2][-]{subsection.6.4.2}{\376\377\0006\000.\0004\000.\0002\000\040\000F\000i\000e\000l\000d\000\040\000D\000o\000c\000u\000m\000e\000n\000t\000a\000t\000i\000o\000n}{section.6.4}% 42
\BOOKMARK [3][-]{subsubsection.6.4.2.1}{\376\377\0006\000.\0004\000.\0002\000.\0001\000\040\000h\000e\000a\000d\000l\000e\000s\000s}{subsection.6.4.2}% 43
\BOOKMARK [3][-]{subsubsection.6.4.2.2}{\376\377\0006\000.\0004\000.\0002\000.\0002\000\040\000h\000e\000i\000g\000h\000t}{subsection.6.4.2}% 44
\BOOKMARK [3][-]{subsubsection.6.4.2.3}{\376\377\0006\000.\0004\000.\0002\000.\0003\000\040\000n\000a\000t\000i\000v\000e\000\137\000w\000i\000n\000d\000o\000w}{subsection.6.4.2}% 45
\BOOKMARK [3][-]{subsubsection.6.4.2.4}{\376\377\0006\000.\0004\000.\0002\000.\0004\000\040\000w\000i\000d\000t\000h}{subsection.6.4.2}% 46
\BOOKMARK [1][-]{section.6.5}{\376\377\0006\000.\0005\000\040\000S\000V\000e\000c\000\040\000S\000t\000r\000u\000c\000t\000\040\000R\000e\000f\000e\000r\000e\000n\000c\000e}{chapter.6}% 47
\BOOKMARK [2][-]{subsection.6.5.1}{\376\377\0006\000.\0005\000.\0001\000\040\000D\000e\000t\000a\000i\000l\000e\000d\000\040\000D\000e\000s\000c\000r\000i\000p\000t\000i\000o\000n}{section.6.5}% 48
\BOOKMARK [2][-]{subsection.6.5.2}{\376\377\0006\000.\0005\000.\0002\000\040\000F\000i\000e\000l\000d\000\040\000D\000o\000c\000u\000m\000e\000n\000t\000a\000t\000i\000o\000n}{section.6.5}% 49
\BOOKMARK [3][-]{subsubsection.6.5.2.1}{\376\377\0006\000.\0005\000.\0002\000.\0001\000\040\000d\000a\000t\000a}{subsection.6.5.2}% 50
\BOOKMARK [3][-]{subsubsection.6.5.2.2}{\376\377\0006\000.\0005\000.\0002\000.\0002\000\040\000e\000l\000e\000m\000e\000n\000t\000\137\000s\000i\000z\000e}{subsection.6.5.2}% 51
\BOOKMARK [3][-]{subsubsection.6.5.2.3}{\376\377\0006\000.\0005\000.\0002\000.\0003\000\040\000l\000i\000s\000t\000\137\000s\000i\000z\000e}{subsection.6.5.2}% 52
\BOOKMARK [0][-]{chapter.7}{\376\377\0007\000\040\000F\000i\000l\000e\000\040\000D\000o\000c\000u\000m\000e\000n\000t\000a\000t\000i\000o\000n}{}% 53
\BOOKMARK [1][-]{section.7.1}{\376\377\0007\000.\0001\000\040\000i\000n\000c\000l\000u\000d\000e\000/\000c\000a\000n\000i\000m\000/\000c\000a\000n\000i\000m\000.\000h\000\040\000F\000i\000l\000e\000\040\000R\000e\000f\000e\000r\000e\000n\000c\000e}{chapter.7}% 54
\BOOKMARK [1][-]{section.7.2}{\376\377\0007\000.\0002\000\040\000c\000a\000n\000i\000m\000.\000h}{chapter.7}% 55
\BOOKMARK [1][-]{section.7.3}{\376\377\0007\000.\0003\000\040\000i\000n\000c\000l\000u\000d\000e\000/\000c\000a\000n\000i\000m\000/\000c\000o\000r\000e\000.\000h\000\040\000F\000i\000l\000e\000\040\000R\000e\000f\000e\000r\000e\000n\000c\000e}{chapter.7}% 56
\BOOKMARK [2][-]{subsection.7.3.1}{\376\377\0007\000.\0003\000.\0001\000\040\000D\000e\000t\000a\000i\000l\000e\000d\000\040\000D\000e\000s\000c\000r\000i\000p\000t\000i\000o\000n}{section.7.3}% 57
\BOOKMARK [2][-]{subsection.7.3.2}{\376\377\0007\000.\0003\000.\0002\000\040\000M\000a\000c\000r\000o\000\040\000D\000e\000f\000i\000n\000i\000t\000i\000o\000n\000\040\000D\000o\000c\000u\000m\000e\000n\000t\000a\000t\000i\000o\000n}{section.7.3}% 58
\BOOKMARK [3][-]{subsubsection.7.3.2.1}{\376\377\0007\000.\0003\000.\0002\000.\0001\000\040\000B\000I\000T\000\137\000A\000L\000I\000G\000N}{subsection.7.3.2}% 59
\BOOKMARK [3][-]{subsubsection.7.3.2.2}{\376\377\0007\000.\0003\000.\0002\000.\0002\000\040\000B\000I\000T\000\137\000I\000G\000N\000O\000R\000E}{subsection.7.3.2}% 60
\BOOKMARK [3][-]{subsubsection.7.3.2.3}{\376\377\0007\000.\0003\000.\0002\000.\0003\000\040\000B\000I\000T\000\137\000S\000I\000Z\000E}{subsection.7.3.2}% 61
\BOOKMARK [3][-]{subsubsection.7.3.2.4}{\376\377\0007\000.\0003\000.\0002\000.\0004\000\040\000B\000U\000F\000F\000E\000R\000\137\000S\000I\000Z\000E}{subsection.7.3.2}% 62
\BOOKMARK [3][-]{subsubsection.7.3.2.5}{\376\377\0007\000.\0003\000.\0002\000.\0005\000\040\000C\000A\000N\000I\000M\000\137\000A\000P\000I}{subsection.7.3.2}% 63
\BOOKMARK [3][-]{subsubsection.7.3.2.6}{\376\377\0007\000.\0003\000.\0002\000.\0006\000\040\000C\000A\000N\000I\000M\000\137\000P\000L\000A\000T\000F\000O\000R\000M\000\137\000U\000N\000K\000N\000O\000W\000N}{subsection.7.3.2}% 64
\BOOKMARK [3][-]{subsubsection.7.3.2.7}{\376\377\0007\000.\0003\000.\0002\000.\0007\000\040\000E\000P\000S\000I\000L\000O\000N}{subsection.7.3.2}% 65
\BOOKMARK [3][-]{subsubsection.7.3.2.8}{\376\377\0007\000.\0003\000.\0002\000.\0008\000\040\000F\000A\000T\000A\000L}{subsection.7.3.2}% 66
\BOOKMARK [3][-]{subsubsection.7.3.2.9}{\376\377\0007\000.\0003\000.\0002\000.\0009\000\040\000I\000S\000\137\000A\000N\000\137\000E\000R\000R\000O\000R}{subsection.7.3.2}% 67
\BOOKMARK [3][-]{subsubsection.7.3.2.10}{\376\377\0007\000.\0003\000.\0002\000.\0001\0000\000\040\000m\000a\000x}{subsection.7.3.2}% 68
\BOOKMARK [3][-]{subsubsection.7.3.2.11}{\376\377\0007\000.\0003\000.\0002\000.\0001\0001\000\040\000N\000O\000N\000F\000A\000T\000A\000L}{subsection.7.3.2}% 69
\BOOKMARK [3][-]{subsubsection.7.3.2.12}{\376\377\0007\000.\0003\000.\0002\000.\0001\0002\000\040\000N\000O\000O\000P}{subsection.7.3.2}% 70
\BOOKMARK [3][-]{subsubsection.7.3.2.13}{\376\377\0007\000.\0003\000.\0002\000.\0001\0003\000\040\000n\000u\000l\000l}{subsection.7.3.2}% 71
\BOOKMARK [3][-]{subsubsection.7.3.2.14}{\376\377\0007\000.\0003\000.\0002\000.\0001\0004\000\040\000P\000C\000L\000O\000S\000E}{subsection.7.3.2}% 72
\BOOKMARK [3][-]{subsubsection.7.3.2.15}{\376\377\0007\000.\0003\000.\0002\000.\0001\0005\000\040\000P\000O\000P\000E\000N}{subsection.7.3.2}% 73
\BOOKMARK [3][-]{subsubsection.7.3.2.16}{\376\377\0007\000.\0003\000.\0002\000.\0001\0006\000\040\000R\000E\000A\000L\000I\000G\000N}{subsection.7.3.2}% 74
\BOOKMARK [3][-]{subsubsection.7.3.2.17}{\376\377\0007\000.\0003\000.\0002\000.\0001\0007\000\040\000S\000T\000A\000T\000U\000S\000\137\000T\000Y\000P\000E}{subsection.7.3.2}% 75
\BOOKMARK [3][-]{subsubsection.7.3.2.18}{\376\377\0007\000.\0003\000.\0002\000.\0001\0008\000\040\000S\000T\000A\000T\000U\000S\000\137\000T\000Y\000P\000E\000\137\000M\000A\000S\000K}{subsection.7.3.2}% 76
\BOOKMARK [3][-]{subsubsection.7.3.2.19}{\376\377\0007\000.\0003\000.\0002\000.\0001\0009\000\040\000S\000T\000A\000T\000U\000S\000\137\000T\000Y\000P\000E\000\137\000S\000H\000I\000F\000T}{subsection.7.3.2}% 77
\BOOKMARK [3][-]{subsubsection.7.3.2.20}{\376\377\0007\000.\0003\000.\0002\000.\0002\0000\000\040\000S\000U\000C\000C\000E\000S\000S}{subsection.7.3.2}% 78
\BOOKMARK [3][-]{subsubsection.7.3.2.21}{\376\377\0007\000.\0003\000.\0002\000.\0002\0001\000\040\000W\000B}{subsection.7.3.2}% 79
\BOOKMARK [2][-]{subsection.7.3.3}{\376\377\0007\000.\0003\000.\0003\000\040\000T\000y\000p\000e\000d\000e\000f\000\040\000D\000o\000c\000u\000m\000e\000n\000t\000a\000t\000i\000o\000n}{section.7.3}% 80
\BOOKMARK [3][-]{subsubsection.7.3.3.1}{\376\377\0007\000.\0003\000.\0003\000.\0001\000\040\000C\000a\000n\000i\000m\000R\000e\000s\000u\000l\000t}{subsection.7.3.3}% 81
\BOOKMARK [2][-]{subsection.7.3.4}{\376\377\0007\000.\0003\000.\0004\000\040\000E\000n\000u\000m\000e\000r\000a\000t\000i\000o\000n\000\040\000T\000y\000p\000e\000\040\000D\000o\000c\000u\000m\000e\000n\000t\000a\000t\000i\000o\000n}{section.7.3}% 82
\BOOKMARK [3][-]{subsubsection.7.3.4.1}{\376\377\0007\000.\0003\000.\0004\000.\0001\000\040\000a\000n\000o\000n\000y\000m\000o\000u\000s\000\040\000e\000n\000u\000m}{subsection.7.3.4}% 83
\BOOKMARK [2][-]{subsection.7.3.5}{\376\377\0007\000.\0003\000.\0005\000\040\000F\000u\000n\000c\000t\000i\000o\000n\000\040\000D\000o\000c\000u\000m\000e\000n\000t\000a\000t\000i\000o\000n}{section.7.3}% 84
\BOOKMARK [3][-]{subsubsection.7.3.5.1}{\376\377\0007\000.\0003\000.\0005\000.\0001\000\040\000p\000r\000i\000n\000t\000\137\000e\000r\000r\000o\000r\000\050\000\051}{subsection.7.3.5}% 85
\BOOKMARK [3][-]{subsubsection.7.3.5.2}{\376\377\0007\000.\0003\000.\0005\000.\0002\000\040\000r\000e\000a\000d\000\137\000b\000e\000\137\000f\0003\0002\000\050\000\051}{subsection.7.3.5}% 86
\BOOKMARK [3][-]{subsubsection.7.3.5.3}{\376\377\0007\000.\0003\000.\0005\000.\0003\000\040\000r\000e\000a\000d\000\137\000b\000e\000\137\000f\0006\0004\000\050\000\051}{subsection.7.3.5}% 87
\BOOKMARK [3][-]{subsubsection.7.3.5.4}{\376\377\0007\000.\0003\000.\0005\000.\0004\000\040\000r\000e\000a\000d\000\137\000b\000e\000\137\000u\0001\0006\000\050\000\051}{subsection.7.3.5}% 88
\BOOKMARK [3][-]{subsubsection.7.3.5.5}{\376\377\0007\000.\0003\000.\0005\000.\0005\000\040\000r\000e\000a\000d\000\137\000b\000e\000\137\000u\0003\0002\000\050\000\051}{subsection.7.3.5}% 89
\BOOKMARK [3][-]{subsubsection.7.3.5.6}{\376\377\0007\000.\0003\000.\0005\000.\0006\000\040\000r\000e\000a\000d\000\137\000b\000e\000\137\000u\0006\0004\000\050\000\051}{subsection.7.3.5}% 90
\BOOKMARK [3][-]{subsubsection.7.3.5.7}{\376\377\0007\000.\0003\000.\0005\000.\0007\000\040\000r\000e\000a\000d\000\137\000l\000e\000\137\000f\0003\0002\000\050\000\051}{subsection.7.3.5}% 91
\BOOKMARK [3][-]{subsubsection.7.3.5.8}{\376\377\0007\000.\0003\000.\0005\000.\0008\000\040\000r\000e\000a\000d\000\137\000l\000e\000\137\000f\0006\0004\000\050\000\051}{subsection.7.3.5}% 92
\BOOKMARK [3][-]{subsubsection.7.3.5.9}{\376\377\0007\000.\0003\000.\0005\000.\0009\000\040\000r\000e\000a\000d\000\137\000l\000e\000\137\000u\0001\0006\000\050\000\051}{subsection.7.3.5}% 93
\BOOKMARK [3][-]{subsubsection.7.3.5.10}{\376\377\0007\000.\0003\000.\0005\000.\0001\0000\000\040\000r\000e\000a\000d\000\137\000l\000e\000\137\000u\0003\0002\000\050\000\051}{subsection.7.3.5}% 94
\BOOKMARK [3][-]{subsubsection.7.3.5.11}{\376\377\0007\000.\0003\000.\0005\000.\0001\0001\000\040\000r\000e\000a\000d\000\137\000l\000e\000\137\000u\0006\0004\000\050\000\051}{subsection.7.3.5}% 95
\BOOKMARK [3][-]{subsubsection.7.3.5.12}{\376\377\0007\000.\0003\000.\0005\000.\0001\0002\000\040\000s\000v\000e\000c\000\137\000f\000r\000e\000e\000\050\000\051}{subsection.7.3.5}% 96
\BOOKMARK [3][-]{subsubsection.7.3.5.13}{\376\377\0007\000.\0003\000.\0005\000.\0001\0003\000\040\000s\000v\000e\000c\000\137\000g\000e\000t\000\050\000\051}{subsection.7.3.5}% 97
\BOOKMARK [3][-]{subsubsection.7.3.5.14}{\376\377\0007\000.\0003\000.\0005\000.\0001\0004\000\040\000s\000v\000e\000c\000\137\000i\000n\000i\000t\000\050\000\051}{subsection.7.3.5}% 98
\BOOKMARK [3][-]{subsubsection.7.3.5.15}{\376\377\0007\000.\0003\000.\0005\000.\0001\0005\000\040\000s\000v\000e\000c\000\137\000p\000o\000p\000\050\000\051}{subsection.7.3.5}% 99
\BOOKMARK [3][-]{subsubsection.7.3.5.16}{\376\377\0007\000.\0003\000.\0005\000.\0001\0006\000\040\000s\000v\000e\000c\000\137\000p\000u\000s\000h\000\050\000\051}{subsection.7.3.5}% 100
\BOOKMARK [3][-]{subsubsection.7.3.5.17}{\376\377\0007\000.\0003\000.\0005\000.\0001\0007\000\040\000s\000v\000e\000c\000\137\000s\000e\000t\000\050\000\051}{subsection.7.3.5}% 101
\BOOKMARK [3][-]{subsubsection.7.3.5.18}{\376\377\0007\000.\0003\000.\0005\000.\0001\0008\000\040\000w\000r\000i\000t\000e\000\137\000b\000e\000\137\000f\0003\0002\000\050\000\051}{subsection.7.3.5}% 102
\BOOKMARK [3][-]{subsubsection.7.3.5.19}{\376\377\0007\000.\0003\000.\0005\000.\0001\0009\000\040\000w\000r\000i\000t\000e\000\137\000b\000e\000\137\000f\0006\0004\000\050\000\051}{subsection.7.3.5}% 103
\BOOKMARK [3][-]{subsubsection.7.3.5.20}{\376\377\0007\000.\0003\000.\0005\000.\0002\0000\000\040\000w\000r\000i\000t\000e\000\137\000b\000e\000\137\000u\0001\0006\000\050\000\051}{subsection.7.3.5}% 104
\BOOKMARK [3][-]{subsubsection.7.3.5.21}{\376\377\0007\000.\0003\000.\0005\000.\0002\0001\000\040\000w\000r\000i\000t\000e\000\137\000b\000e\000\137\000u\0003\0002\000\050\000\051}{subsection.7.3.5}% 105
\BOOKMARK [3][-]{subsubsection.7.3.5.22}{\376\377\0007\000.\0003\000.\0005\000.\0002\0002\000\040\000w\000r\000i\000t\000e\000\137\000b\000e\000\137\000u\0006\0004\000\050\000\051}{subsection.7.3.5}% 106
\BOOKMARK [3][-]{subsubsection.7.3.5.23}{\376\377\0007\000.\0003\000.\0005\000.\0002\0003\000\040\000w\000r\000i\000t\000e\000\137\000l\000e\000\137\000f\0003\0002\000\050\000\051}{subsection.7.3.5}% 107
\BOOKMARK [3][-]{subsubsection.7.3.5.24}{\376\377\0007\000.\0003\000.\0005\000.\0002\0004\000\040\000w\000r\000i\000t\000e\000\137\000l\000e\000\137\000f\0006\0004\000\050\000\051}{subsection.7.3.5}% 108
\BOOKMARK [3][-]{subsubsection.7.3.5.25}{\376\377\0007\000.\0003\000.\0005\000.\0002\0005\000\040\000w\000r\000i\000t\000e\000\137\000l\000e\000\137\000u\0001\0006\000\050\000\051}{subsection.7.3.5}% 109
\BOOKMARK [3][-]{subsubsection.7.3.5.26}{\376\377\0007\000.\0003\000.\0005\000.\0002\0006\000\040\000w\000r\000i\000t\000e\000\137\000l\000e\000\137\000u\0003\0002\000\050\000\051}{subsection.7.3.5}% 110
\BOOKMARK [3][-]{subsubsection.7.3.5.27}{\376\377\0007\000.\0003\000.\0005\000.\0002\0007\000\040\000w\000r\000i\000t\000e\000\137\000l\000e\000\137\000u\0006\0004\000\050\000\051}{subsection.7.3.5}% 111
\BOOKMARK [1][-]{section.7.4}{\376\377\0007\000.\0004\000\040\000c\000o\000r\000e\000.\000h}{chapter.7}% 112
\BOOKMARK [1][-]{section.7.5}{\376\377\0007\000.\0005\000\040\000i\000n\000c\000l\000u\000d\000e\000/\000c\000a\000n\000i\000m\000/\000g\000f\000x\000.\000h\000\040\000F\000i\000l\000e\000\040\000R\000e\000f\000e\000r\000e\000n\000c\000e}{chapter.7}% 113
\BOOKMARK [2][-]{subsection.7.5.1}{\376\377\0007\000.\0005\000.\0001\000\040\000T\000y\000p\000e\000d\000e\000f\000\040\000D\000o\000c\000u\000m\000e\000n\000t\000a\000t\000i\000o\000n}{section.7.5}% 114
\BOOKMARK [3][-]{subsubsection.7.5.1.1}{\376\377\0007\000.\0005\000.\0001\000.\0001\000\040\000G\000f\000x\000A\000P\000I}{subsection.7.5.1}% 115
\BOOKMARK [3][-]{subsubsection.7.5.1.2}{\376\377\0007\000.\0005\000.\0001\000.\0002\000\040\000G\000f\000x\000C\000o\000n\000t\000a\000i\000n\000e\000r}{subsection.7.5.1}% 116
\BOOKMARK [3][-]{subsubsection.7.5.1.3}{\376\377\0007\000.\0005\000.\0001\000.\0003\000\040\000G\000f\000x\000D\000e\000v\000i\000c\000e}{subsection.7.5.1}% 117
\BOOKMARK [2][-]{subsection.7.5.2}{\376\377\0007\000.\0005\000.\0002\000\040\000E\000n\000u\000m\000e\000r\000a\000t\000i\000o\000n\000\040\000T\000y\000p\000e\000\040\000D\000o\000c\000u\000m\000e\000n\000t\000a\000t\000i\000o\000n}{section.7.5}% 118
\BOOKMARK [3][-]{subsubsection.7.5.2.1}{\376\377\0007\000.\0005\000.\0002\000.\0001\000\040\000G\000f\000x\000B\000a\000c\000k\000e\000n\000d}{subsection.7.5.2}% 119
\BOOKMARK [1][-]{section.7.6}{\376\377\0007\000.\0006\000\040\000g\000f\000x\000.\000h}{chapter.7}% 120
\BOOKMARK [1][-]{section.7.7}{\376\377\0007\000.\0007\000\040\000i\000n\000c\000l\000u\000d\000e\000/\000c\000a\000n\000i\000m\000/\000l\000o\000a\000d\000e\000r\000.\000h\000\040\000F\000i\000l\000e\000\040\000R\000e\000f\000e\000r\000e\000n\000c\000e}{chapter.7}% 121
\BOOKMARK [2][-]{subsection.7.7.1}{\376\377\0007\000.\0007\000.\0001\000\040\000F\000u\000n\000c\000t\000i\000o\000n\000\040\000D\000o\000c\000u\000m\000e\000n\000t\000a\000t\000i\000o\000n}{section.7.7}% 122
\BOOKMARK [3][-]{subsubsection.7.7.1.1}{\376\377\0007\000.\0007\000.\0001\000.\0001\000\040\000g\000f\000x\000\137\000l\000o\000a\000d\000\137\000b\000a\000c\000k\000e\000n\000d\000\050\000\051}{subsection.7.7.1}% 123
\BOOKMARK [3][-]{subsubsection.7.7.1.2}{\376\377\0007\000.\0007\000.\0001\000.\0002\000\040\000g\000f\000x\000\137\000u\000n\000l\000o\000a\000d\000\137\000b\000a\000c\000k\000e\000n\000d\000\050\000\051}{subsection.7.7.1}% 124
\BOOKMARK [1][-]{section.7.8}{\376\377\0007\000.\0008\000\040\000l\000o\000a\000d\000e\000r\000.\000h}{chapter.7}% 125
\BOOKMARK [1][-]{section.7.9}{\376\377\0007\000.\0009\000\040\000s\000r\000c\000/\000c\000o\000r\000e\000/\000c\000o\000r\000e\000.\000c\000\040\000F\000i\000l\000e\000\040\000R\000e\000f\000e\000r\000e\000n\000c\000e}{chapter.7}% 126
\BOOKMARK [2][-]{subsection.7.9.1}{\376\377\0007\000.\0009\000.\0001\000\040\000F\000u\000n\000c\000t\000i\000o\000n\000\040\000D\000o\000c\000u\000m\000e\000n\000t\000a\000t\000i\000o\000n}{section.7.9}% 127
\BOOKMARK [3][-]{subsubsection.7.9.1.1}{\376\377\0007\000.\0009\000.\0001\000.\0001\000\040\000p\000r\000i\000n\000t\000\137\000e\000r\000r\000o\000r\000\050\000\051}{subsection.7.9.1}% 128
\BOOKMARK [1][-]{section.7.10}{\376\377\0007\000.\0001\0000\000\040\000c\000o\000r\000e\000.\000c}{chapter.7}% 129
\BOOKMARK [1][-]{section.7.11}{\376\377\0007\000.\0001\0001\000\040\000s\000r\000c\000/\000c\000o\000r\000e\000/\000e\000n\000d\000i\000a\000n\000.\000c\000\040\000F\000i\000l\000e\000\040\000R\000e\000f\000e\000r\000e\000n\000c\000e}{chapter.7}% 130
\BOOKMARK [2][-]{subsection.7.11.1}{\376\377\0007\000.\0001\0001\000.\0001\000\040\000F\000u\000n\000c\000t\000i\000o\000n\000\040\000D\000o\000c\000u\000m\000e\000n\000t\000a\000t\000i\000o\000n}{section.7.11}% 131
\BOOKMARK [3][-]{subsubsection.7.11.1.1}{\376\377\0007\000.\0001\0001\000.\0001\000.\0001\000\040\000r\000e\000a\000d\000\137\000b\000e\000\137\000f\0003\0002\000\050\000\051}{subsection.7.11.1}% 132
\BOOKMARK [3][-]{subsubsection.7.11.1.2}{\376\377\0007\000.\0001\0001\000.\0001\000.\0002\000\040\000r\000e\000a\000d\000\137\000b\000e\000\137\000f\0006\0004\000\050\000\051}{subsection.7.11.1}% 133
\BOOKMARK [3][-]{subsubsection.7.11.1.3}{\376\377\0007\000.\0001\0001\000.\0001\000.\0003\000\040\000r\000e\000a\000d\000\137\000b\000e\000\137\000u\0001\0006\000\050\000\051}{subsection.7.11.1}% 134
\BOOKMARK [3][-]{subsubsection.7.11.1.4}{\376\377\0007\000.\0001\0001\000.\0001\000.\0004\000\040\000r\000e\000a\000d\000\137\000b\000e\000\137\000u\0003\0002\000\050\000\051}{subsection.7.11.1}% 135
\BOOKMARK [3][-]{subsubsection.7.11.1.5}{\376\377\0007\000.\0001\0001\000.\0001\000.\0005\000\040\000r\000e\000a\000d\000\137\000b\000e\000\137\000u\0006\0004\000\050\000\051}{subsection.7.11.1}% 136
\BOOKMARK [3][-]{subsubsection.7.11.1.6}{\376\377\0007\000.\0001\0001\000.\0001\000.\0006\000\040\000r\000e\000a\000d\000\137\000l\000e\000\137\000f\0003\0002\000\050\000\051}{subsection.7.11.1}% 137
\BOOKMARK [3][-]{subsubsection.7.11.1.7}{\376\377\0007\000.\0001\0001\000.\0001\000.\0007\000\040\000r\000e\000a\000d\000\137\000l\000e\000\137\000f\0006\0004\000\050\000\051}{subsection.7.11.1}% 138
\BOOKMARK [3][-]{subsubsection.7.11.1.8}{\376\377\0007\000.\0001\0001\000.\0001\000.\0008\000\040\000r\000e\000a\000d\000\137\000l\000e\000\137\000u\0001\0006\000\050\000\051}{subsection.7.11.1}% 139
\BOOKMARK [3][-]{subsubsection.7.11.1.9}{\376\377\0007\000.\0001\0001\000.\0001\000.\0009\000\040\000r\000e\000a\000d\000\137\000l\000e\000\137\000u\0003\0002\000\050\000\051}{subsection.7.11.1}% 140
\BOOKMARK [3][-]{subsubsection.7.11.1.10}{\376\377\0007\000.\0001\0001\000.\0001\000.\0001\0000\000\040\000r\000e\000a\000d\000\137\000l\000e\000\137\000u\0006\0004\000\050\000\051}{subsection.7.11.1}% 141
\BOOKMARK [3][-]{subsubsection.7.11.1.11}{\376\377\0007\000.\0001\0001\000.\0001\000.\0001\0001\000\040\000w\000r\000i\000t\000e\000\137\000b\000e\000\137\000f\0003\0002\000\050\000\051}{subsection.7.11.1}% 142
\BOOKMARK [3][-]{subsubsection.7.11.1.12}{\376\377\0007\000.\0001\0001\000.\0001\000.\0001\0002\000\040\000w\000r\000i\000t\000e\000\137\000b\000e\000\137\000f\0006\0004\000\050\000\051}{subsection.7.11.1}% 143
\BOOKMARK [3][-]{subsubsection.7.11.1.13}{\376\377\0007\000.\0001\0001\000.\0001\000.\0001\0003\000\040\000w\000r\000i\000t\000e\000\137\000b\000e\000\137\000u\0001\0006\000\050\000\051}{subsection.7.11.1}% 144
\BOOKMARK [3][-]{subsubsection.7.11.1.14}{\376\377\0007\000.\0001\0001\000.\0001\000.\0001\0004\000\040\000w\000r\000i\000t\000e\000\137\000b\000e\000\137\000u\0003\0002\000\050\000\051}{subsection.7.11.1}% 145
\BOOKMARK [3][-]{subsubsection.7.11.1.15}{\376\377\0007\000.\0001\0001\000.\0001\000.\0001\0005\000\040\000w\000r\000i\000t\000e\000\137\000b\000e\000\137\000u\0006\0004\000\050\000\051}{subsection.7.11.1}% 146
\BOOKMARK [3][-]{subsubsection.7.11.1.16}{\376\377\0007\000.\0001\0001\000.\0001\000.\0001\0006\000\040\000w\000r\000i\000t\000e\000\137\000l\000e\000\137\000f\0003\0002\000\050\000\051}{subsection.7.11.1}% 147
\BOOKMARK [3][-]{subsubsection.7.11.1.17}{\376\377\0007\000.\0001\0001\000.\0001\000.\0001\0007\000\040\000w\000r\000i\000t\000e\000\137\000l\000e\000\137\000f\0006\0004\000\050\000\051}{subsection.7.11.1}% 148
\BOOKMARK [3][-]{subsubsection.7.11.1.18}{\376\377\0007\000.\0001\0001\000.\0001\000.\0001\0008\000\040\000w\000r\000i\000t\000e\000\137\000l\000e\000\137\000u\0001\0006\000\050\000\051}{subsection.7.11.1}% 149
\BOOKMARK [3][-]{subsubsection.7.11.1.19}{\376\377\0007\000.\0001\0001\000.\0001\000.\0001\0009\000\040\000w\000r\000i\000t\000e\000\137\000l\000e\000\137\000u\0003\0002\000\050\000\051}{subsection.7.11.1}% 150
\BOOKMARK [3][-]{subsubsection.7.11.1.20}{\376\377\0007\000.\0001\0001\000.\0001\000.\0002\0000\000\040\000w\000r\000i\000t\000e\000\137\000l\000e\000\137\000u\0006\0004\000\050\000\051}{subsection.7.11.1}% 151
\BOOKMARK [1][-]{section.7.12}{\376\377\0007\000.\0001\0002\000\040\000e\000n\000d\000i\000a\000n\000.\000c}{chapter.7}% 152
\BOOKMARK [1][-]{section.7.13}{\376\377\0007\000.\0001\0003\000\040\000s\000r\000c\000/\000c\000o\000r\000e\000/\000s\000v\000e\000c\000.\000c\000\040\000F\000i\000l\000e\000\040\000R\000e\000f\000e\000r\000e\000n\000c\000e}{chapter.7}% 153
\BOOKMARK [2][-]{subsection.7.13.1}{\376\377\0007\000.\0001\0003\000.\0001\000\040\000F\000u\000n\000c\000t\000i\000o\000n\000\040\000D\000o\000c\000u\000m\000e\000n\000t\000a\000t\000i\000o\000n}{section.7.13}% 154
\BOOKMARK [3][-]{subsubsection.7.13.1.1}{\376\377\0007\000.\0001\0003\000.\0001\000.\0001\000\040\000s\000v\000e\000c\000\137\000f\000r\000e\000e\000\050\000\051}{subsection.7.13.1}% 155
\BOOKMARK [3][-]{subsubsection.7.13.1.2}{\376\377\0007\000.\0001\0003\000.\0001\000.\0002\000\040\000s\000v\000e\000c\000\137\000g\000e\000t\000\050\000\051}{subsection.7.13.1}% 156
\BOOKMARK [3][-]{subsubsection.7.13.1.3}{\376\377\0007\000.\0001\0003\000.\0001\000.\0003\000\040\000s\000v\000e\000c\000\137\000i\000n\000i\000t\000\050\000\051}{subsection.7.13.1}% 157
\BOOKMARK [3][-]{subsubsection.7.13.1.4}{\376\377\0007\000.\0001\0003\000.\0001\000.\0004\000\040\000s\000v\000e\000c\000\137\000p\000o\000p\000\050\000\051}{subsection.7.13.1}% 158
\BOOKMARK [3][-]{subsubsection.7.13.1.5}{\376\377\0007\000.\0001\0003\000.\0001\000.\0005\000\040\000s\000v\000e\000c\000\137\000p\000u\000s\000h\000\050\000\051}{subsection.7.13.1}% 159
\BOOKMARK [3][-]{subsubsection.7.13.1.6}{\376\377\0007\000.\0001\0003\000.\0001\000.\0006\000\040\000s\000v\000e\000c\000\137\000s\000e\000t\000\050\000\051}{subsection.7.13.1}% 160
\BOOKMARK [1][-]{section.7.14}{\376\377\0007\000.\0001\0004\000\040\000s\000v\000e\000c\000.\000c}{chapter.7}% 161
\BOOKMARK [1][-]{section.7.15}{\376\377\0007\000.\0001\0005\000\040\000s\000r\000c\000/\000g\000f\000x\000/\000g\000l\000.\000c\000\040\000F\000i\000l\000e\000\040\000R\000e\000f\000e\000r\000e\000n\000c\000e}{chapter.7}% 162
\BOOKMARK [2][-]{subsection.7.15.1}{\376\377\0007\000.\0001\0005\000.\0001\000\040\000F\000u\000n\000c\000t\000i\000o\000n\000\040\000D\000o\000c\000u\000m\000e\000n\000t\000a\000t\000i\000o\000n}{section.7.15}% 163
\BOOKMARK [3][-]{subsubsection.7.15.1.1}{\376\377\0007\000.\0001\0005\000.\0001\000.\0001\000\040\000g\000l\000\137\000c\000r\000e\000a\000t\000e\000\137\000d\000e\000v\000i\000c\000e\000\050\000\051}{subsection.7.15.1}% 164
\BOOKMARK [3][-]{subsubsection.7.15.1.2}{\376\377\0007\000.\0001\0005\000.\0001\000.\0002\000\040\000g\000l\000\137\000d\000e\000s\000t\000r\000o\000y\000\137\000d\000e\000v\000i\000c\000e\000\050\000\051}{subsection.7.15.1}% 165
\BOOKMARK [2][-]{subsection.7.15.2}{\376\377\0007\000.\0001\0005\000.\0002\000\040\000V\000a\000r\000i\000a\000b\000l\000e\000\040\000D\000o\000c\000u\000m\000e\000n\000t\000a\000t\000i\000o\000n}{section.7.15}% 166
\BOOKMARK [3][-]{subsubsection.7.15.2.1}{\376\377\0007\000.\0001\0005\000.\0002\000.\0001\000\040\000G\000F\000X\000\137\000G\000L\000\137\000A\000P\000I}{subsection.7.15.2}% 167
\BOOKMARK [1][-]{section.7.16}{\376\377\0007\000.\0001\0006\000\040\000g\000l\000.\000c}{chapter.7}% 168
\BOOKMARK [1][-]{section.7.17}{\376\377\0007\000.\0001\0007\000\040\000s\000r\000c\000/\000g\000f\000x\000/\000v\000k\000.\000c\000\040\000F\000i\000l\000e\000\040\000R\000e\000f\000e\000r\000e\000n\000c\000e}{chapter.7}% 169
\BOOKMARK [2][-]{subsection.7.17.1}{\376\377\0007\000.\0001\0007\000.\0001\000\040\000F\000u\000n\000c\000t\000i\000o\000n\000\040\000D\000o\000c\000u\000m\000e\000n\000t\000a\000t\000i\000o\000n}{section.7.17}% 170
\BOOKMARK [3][-]{subsubsection.7.17.1.1}{\376\377\0007\000.\0001\0007\000.\0001\000.\0001\000\040\000v\000k\000\137\000c\000r\000e\000a\000t\000e\000\137\000d\000e\000v\000i\000c\000e\000\050\000\051}{subsection.7.17.1}% 171
\BOOKMARK [1][-]{section.7.18}{\376\377\0007\000.\0001\0008\000\040\000v\000k\000.\000c}{chapter.7}% 172
\BOOKMARK [1][-]{section.7.19}{\376\377\0007\000.\0001\0009\000\040\000s\000r\000c\000/\000l\000o\000a\000d\000e\000r\000/\000l\000o\000a\000d\000e\000r\000.\000c\000\040\000F\000i\000l\000e\000\040\000R\000e\000f\000e\000r\000e\000n\000c\000e}{chapter.7}% 173
\BOOKMARK [2][-]{subsection.7.19.1}{\376\377\0007\000.\0001\0009\000.\0001\000\040\000F\000u\000n\000c\000t\000i\000o\000n\000\040\000D\000o\000c\000u\000m\000e\000n\000t\000a\000t\000i\000o\000n}{section.7.19}% 174
\BOOKMARK [3][-]{subsubsection.7.19.1.1}{\376\377\0007\000.\0001\0009\000.\0001\000.\0001\000\040\000g\000f\000x\000\137\000b\000a\000c\000k\000e\000n\000d\000\137\000l\000i\000b\000n\000a\000m\000e\000\050\000\051}{subsection.7.19.1}% 175
\BOOKMARK [3][-]{subsubsection.7.19.1.2}{\376\377\0007\000.\0001\0009\000.\0001\000.\0002\000\040\000g\000f\000x\000\137\000l\000o\000a\000d\000\137\000b\000a\000c\000k\000e\000n\000d\000\050\000\051}{subsection.7.19.1}% 176
\BOOKMARK [3][-]{subsubsection.7.19.1.3}{\376\377\0007\000.\0001\0009\000.\0001\000.\0003\000\040\000g\000f\000x\000\137\000u\000n\000l\000o\000a\000d\000\137\000b\000a\000c\000k\000e\000n\000d\000\050\000\051}{subsection.7.19.1}% 177
\BOOKMARK [1][-]{section.7.20}{\376\377\0007\000.\0002\0000\000\040\000l\000o\000a\000d\000e\000r\000.\000c}{chapter.7}% 178
\BOOKMARK [0][-]{section*.69}{\376\377\000I\000n\000d\000e\000x}{}% 179
